2021-10-05 09:44:34.262 [main] INFO  stepDefinitions.Step_Definitions_1_Tests          : ********************************************************************************************************
2021-10-05 09:44:34.263 [main] INFO  stepDefinitions.Step_Definitions_1_Tests          : :::: Execution Started :::: Verify that user can add pet of store inventory
2021-10-05 09:44:34.263 [main] INFO  stepDefinitions.Step_Definitions_1_Tests          : ********************************************************************************************************
2021-10-05 09:44:35.436 [main] INFO  com.swagger.utils.PrintLog                        : Endpoint :: [http://localhost:8080/api/v3/pet]
2021-10-05 09:44:35.437 [main] INFO  com.swagger.utils.PrintLog                        : Headers :: [Access-Control-Allow-Origin=*
Access-Control-Allow-Methods=GET, POST, DELETE, PUT
Access-Control-Allow-Headers=Content-Type, api_key, Authorization
Access-Control-Expose-Headers=Content-Disposition
Content-Type=application/json
Content-Length=155
Server=Jetty(9.3.25.v20180904)]
2021-10-05 09:44:35.442 [main] INFO  com.swagger.utils.PrintLog                        : Cookies :: [{}]
2021-10-05 09:44:35.443 [main] INFO  com.swagger.utils.PrintLog                        : Status Code :: [200]
2021-10-05 09:44:35.443 [main] INFO  com.swagger.utils.PrintLog                        : Status Line :: [HTTP/1.1 200 OK]
2021-10-05 09:44:35.443 [main] INFO  com.swagger.utils.PrintLog                        : Session ID :: [null]
2021-10-05 09:44:35.445 [main] INFO  com.swagger.utils.PrintLog                        : Response Time :: [358] milliseconds
2021-10-05 09:44:35.445 [main] INFO  com.swagger.utils.PrintLog                        : Response :: [{"id":456,"category":{"id":123,"name":"Dogs"},"name":"Evi","photoUrls":["www.dogs.com/ev.jpg"],"tags":[{"id":789,"name":"Labradore"}],"status":"available"}]
2021-10-05 09:44:35.445 [main] INFO  com.swagger.utils.PrintLog                        : Message :: [null]
2021-10-05 09:44:35.445 [main] INFO  com.swagger.utils.PrintLog                        : 

2021-10-05 09:44:35.539 [main] INFO  com.swagger.utils.PrintLog                        : Endpoint :: [http://localhost:8080/api/v3/pet/{petId}]
2021-10-05 09:44:35.539 [main] INFO  com.swagger.utils.PrintLog                        : Headers :: [Access-Control-Allow-Origin=*
Access-Control-Allow-Methods=GET, POST, DELETE, PUT
Access-Control-Allow-Headers=Content-Type, api_key, Authorization
Access-Control-Expose-Headers=Content-Disposition
Content-Type=application/json
Content-Length=155
Server=Jetty(9.3.25.v20180904)]
2021-10-05 09:44:35.539 [main] INFO  com.swagger.utils.PrintLog                        : Cookies :: [{}]
2021-10-05 09:44:35.539 [main] INFO  com.swagger.utils.PrintLog                        : Status Code :: [200]
2021-10-05 09:44:35.539 [main] INFO  com.swagger.utils.PrintLog                        : Status Line :: [HTTP/1.1 200 OK]
2021-10-05 09:44:35.539 [main] INFO  com.swagger.utils.PrintLog                        : Session ID :: [null]
2021-10-05 09:44:35.540 [main] INFO  com.swagger.utils.PrintLog                        : Response Time :: [30] milliseconds
2021-10-05 09:44:35.540 [main] INFO  com.swagger.utils.PrintLog                        : Response :: [{"id":456,"category":{"id":123,"name":"Dogs"},"name":"Evi","photoUrls":["www.dogs.com/ev.jpg"],"tags":[{"id":789,"name":"Labradore"}],"status":"available"}]
2021-10-05 09:44:35.540 [main] INFO  com.swagger.utils.PrintLog                        : Message :: [null]
2021-10-05 09:44:35.540 [main] INFO  com.swagger.utils.PrintLog                        : 

